[2017/09/08 16:27:22] (system)System(Ver 0.1) init...
[2017/09/08 16:27:22] (system)CassandraConn.loadConnConfig() : CONNECTION_CORE - 20
[2017/09/08 16:27:22] (system)CassandraConn.loadConnConfig() : CONNECTION_MAX - 20
[2017/09/08 16:27:22] (system)CassandraConn.loadConnConfig() : CONNECTION_TIME_OUT - 20
[2017/09/08 16:27:22] (system)CassandraConn.loadConnConfig() : CONNECTION_ACC - cassandra
[2017/09/08 16:27:22] (system)CassandraConn.loadConnConfig() : CONNECTION_PWD - cassandra
[2017/09/08 16:27:22] (system)CassandraConn.loadConnConfig() : CONNECTION_PORT - 9042
[2017/09/08 16:27:22] (system)CassandraConn.loadConnConfig() : CONTACT_POINTS - 10.144.150.210
[2017/09/08 16:27:24] (system)MAX_CONNECTION : 30
[2017/09/08 16:27:24] (system)Cassandra Connection Agent!
[2017/09/08 16:27:24] (system)CassandraConnAgent Kernel enable...
[2017/09/08 16:27:24] (system)Cassandra Connection Manager !
[2017/09/08 16:27:24] (system)MySQL.loadConnConfig() : SQL_SERVER_IP - 127.0.0.1
[2017/09/08 16:27:24] (system)MySQL.loadConnConfig() : SQL_SERVER_ACCOUNT - root
[2017/09/08 16:27:24] (system)MySQL.loadConnConfig() : SQL_SERVER_PWD - 1qaz@WSX
[2017/09/08 16:27:24] (system)MySQL.loadConnConfig() : SQL_SERVER_PORT - 3306
[2017/09/08 16:27:24] (system)MySQL.loadConnConfig() : DATA_BASE_NAME - iot
[2017/09/08 16:27:24] (system)MySQL.loadConnConfig() : MAX_CONNECTION - 20
[2017/09/08 16:27:24] (system)MAX_CONNECTION : 0
[2017/09/08 16:27:24] (system)MySQLConnAgent 啟動完成!
[2017/09/08 16:27:24] (system)MySQLConnAgent conn_pool.size() : 0
[2017/09/08 16:27:24] (system)MySQLConnAgent conn_pool.size() : 1
[2017/09/08 16:27:24] (system)MySQLConnAgent conn_pool.size() : 2
[2017/09/08 16:27:24] (system)MySQLConnAgent conn_pool.size() : 3
[2017/09/08 16:27:24] (system)MySQLConnAgent conn_pool.size() : 4
[2017/09/08 16:27:24] (system)MySQLConnAgent conn_pool.size() : 5
[2017/09/08 16:27:24] (system)MySQLConnAgent conn_pool.size() : 6
[2017/09/08 16:27:24] (system)MySQLConnAgent conn_pool.size() : 7
[2017/09/08 16:27:24] (system)MySQLConnAgent conn_pool.size() : 8
[2017/09/08 16:27:24] (system)MySQLConnAgent conn_pool.size() : 9
[2017/09/08 16:27:24] (system)MySQLConnAgent conn_pool.size() : 10
[2017/09/08 16:27:24] (system)MySQLConnAgent conn_pool.size() : 11
[2017/09/08 16:27:24] (system)MySQLConnAgent conn_pool.size() : 12
[2017/09/08 16:27:24] (system)MySQLConnAgent conn_pool.size() : 13
[2017/09/08 16:27:24] (system)MySQLConnAgent conn_pool.size() : 14
[2017/09/08 16:27:24] (system)MySQLConnAgent conn_pool.size() : 15
[2017/09/08 16:27:24] (system)MySQLConnAgent conn_pool.size() : 16
[2017/09/08 16:27:24] (system)MySQLConnAgent conn_pool.size() : 17
[2017/09/08 16:27:24] (system)MySQLConnAgent conn_pool.size() : 18
[2017/09/08 16:27:24] (system)MySQLConnAgent conn_pool.size() : 19
[2017/09/08 16:27:24] (system)MySQLConnAgent Kernel enable...
[2017/09/08 16:27:24] (system)Load all device info from database...
[2017/09/08 16:27:24] (system)Load device(192.168.1.1) to system....
[2017/09/08 16:27:24] (system)Start watchdog agent...
[2017/09/08 16:27:24] (system)This is watch dog...
[2017/09/08 16:27:25] (system)This is watch dog...
[2017/09/08 16:27:26] (system)This is watch dog...
[2017/09/08 16:27:27] (system)This is watch dog...
[2017/09/08 16:27:28] (system)This is watch dog...
[2017/09/08 16:27:29] (system)This is watch dog...
[2017/09/08 16:27:30] (system)This is watch dog...
[2017/09/08 16:27:31] (system)This is watch dog...
[2017/09/08 16:27:32] (system)This is watch dog...
[2017/09/08 16:27:33] (system)This is watch dog...
[2017/09/08 16:27:34] (system)This is watch dog...
[2017/09/08 16:27:35] (system)This is watch dog...
[2017/09/08 16:27:36] (system)This is watch dog...
[2017/09/08 16:27:37] (system)This is watch dog...
[2017/09/08 16:27:38] (system)This is watch dog...
[2017/09/08 16:27:39] (system)This is watch dog...
[2017/09/08 16:27:40] (system)This is watch dog...
[2017/09/08 16:27:41] (system)This is watch dog...
[2017/09/08 16:27:42] (system)This is watch dog...
[2017/09/08 16:27:43] (system)This is watch dog...
[2017/09/08 16:27:44] (system)This is watch dog...
[2017/09/08 16:27:45] (system)This is watch dog...
[2017/09/08 16:27:46] (system)This is watch dog...
[2017/09/08 16:27:47] (system)This is watch dog...
[2017/09/08 16:27:48] (system)This is watch dog...
[2017/09/08 16:27:49] (system)This is watch dog...
[2017/09/08 16:27:50] (system)This is watch dog...
[2017/09/11 15:12:18] (system)System(Ver 0.1) init...
[2017/09/11 15:12:18] (system)CassandraConn.loadConnConfig() : CONNECTION_CORE - 20
[2017/09/11 15:12:18] (system)CassandraConn.loadConnConfig() : CONNECTION_MAX - 20
[2017/09/11 15:12:18] (system)CassandraConn.loadConnConfig() : CONNECTION_TIME_OUT - 20
[2017/09/11 15:12:18] (system)CassandraConn.loadConnConfig() : CONNECTION_ACC - cassandra
[2017/09/11 15:12:18] (system)CassandraConn.loadConnConfig() : CONNECTION_PWD - cassandra
[2017/09/11 15:12:18] (system)CassandraConn.loadConnConfig() : CONNECTION_PORT - 9042
[2017/09/11 15:12:18] (system)CassandraConn.loadConnConfig() : CONTACT_POINTS - 10.144.150.210
[2017/09/11 15:12:20] (system)MAX_CONNECTION : 30
[2017/09/11 15:12:20] (system)Cassandra Connection Agent!
[2017/09/11 15:12:20] (system)CassandraConnAgent Kernel enable...
[2017/09/11 15:12:20] (system)Cassandra Connection Manager !
[2017/09/11 15:12:20] (system)MySQL.loadConnConfig() : SQL_SERVER_IP - 127.0.0.1
[2017/09/11 15:12:20] (system)MySQL.loadConnConfig() : SQL_SERVER_ACCOUNT - root
[2017/09/11 15:12:20] (system)MySQL.loadConnConfig() : SQL_SERVER_PWD - 1qaz@WSX
[2017/09/11 15:12:20] (system)MySQL.loadConnConfig() : SQL_SERVER_PORT - 3306
[2017/09/11 15:12:20] (system)MySQL.loadConnConfig() : DATA_BASE_NAME - iot
[2017/09/11 15:12:20] (system)MySQL.loadConnConfig() : MAX_CONNECTION - 20
[2017/09/11 15:12:20] (system)MAX_CONNECTION : 0
[2017/09/11 15:12:20] (system)MySQLConnAgent 啟動完成!
[2017/09/11 15:12:20] (system)MySQLConnAgent conn_pool.size() : 0
[2017/09/11 15:12:20] (system)MySQLConnAgent conn_pool.size() : 1
[2017/09/11 15:12:20] (system)MySQLConnAgent conn_pool.size() : 2
[2017/09/11 15:12:20] (system)MySQLConnAgent conn_pool.size() : 3
[2017/09/11 15:12:20] (system)MySQLConnAgent conn_pool.size() : 4
[2017/09/11 15:12:20] (system)MySQLConnAgent conn_pool.size() : 5
[2017/09/11 15:12:20] (system)MySQLConnAgent conn_pool.size() : 6
[2017/09/11 15:12:20] (system)MySQLConnAgent conn_pool.size() : 7
[2017/09/11 15:12:20] (system)MySQLConnAgent conn_pool.size() : 8
[2017/09/11 15:12:20] (system)MySQLConnAgent conn_pool.size() : 9
[2017/09/11 15:12:20] (system)MySQLConnAgent conn_pool.size() : 10
[2017/09/11 15:12:20] (system)MySQLConnAgent conn_pool.size() : 11
[2017/09/11 15:12:20] (system)MySQLConnAgent conn_pool.size() : 12
[2017/09/11 15:12:20] (system)MySQLConnAgent conn_pool.size() : 13
[2017/09/11 15:12:20] (system)MySQLConnAgent conn_pool.size() : 14
[2017/09/11 15:12:20] (system)MySQLConnAgent conn_pool.size() : 15
[2017/09/11 15:12:20] (system)MySQLConnAgent conn_pool.size() : 16
[2017/09/11 15:12:20] (system)MySQLConnAgent conn_pool.size() : 17
[2017/09/11 15:12:20] (system)MySQLConnAgent conn_pool.size() : 18
[2017/09/11 15:12:20] (system)MySQLConnAgent conn_pool.size() : 19
[2017/09/11 15:12:20] (system)MySQLConnAgent Kernel enable...
[2017/09/11 15:12:20] (system)Load all device info from database...
[2017/09/11 15:12:20] (system)Start watchdog agent...
[2017/09/11 15:12:20] (system)java.sql.SQLException: No value specified for parameter 4
[2017/09/11 15:12:20] (system)This is watch dog...
[2017/09/11 15:12:21] (system)This is watch dog...
[2017/09/11 15:12:22] (system)This is watch dog...
[2017/09/11 15:12:23] (system)This is watch dog...
[2017/09/11 15:12:24] (system)This is watch dog...
[2017/09/11 15:12:25] (system)This is watch dog...
[2017/09/11 15:12:26] (system)This is watch dog...
[2017/09/11 15:12:27] (system)This is watch dog...
[2017/09/11 15:12:28] (system)This is watch dog...
[2017/09/11 15:12:29] (system)This is watch dog...
[2017/09/11 15:12:30] (system)This is watch dog...
[2017/09/11 15:12:31] (system)This is watch dog...
[2017/09/11 15:12:32] (system)This is watch dog...
[2017/09/11 15:12:33] (system)This is watch dog...
[2017/09/11 15:12:34] (system)This is watch dog...
[2017/09/11 15:12:35] (system)This is watch dog...
[2017/09/11 15:12:36] (system)This is watch dog...
[2017/09/11 15:12:37] (system)This is watch dog...
[2017/09/11 15:12:38] (system)This is watch dog...
[2017/09/11 15:12:39] (system)This is watch dog...
[2017/09/11 15:13:40] (system)System(Ver 0.1) init...
[2017/09/11 15:13:40] (system)CassandraConn.loadConnConfig() : CONNECTION_CORE - 20
[2017/09/11 15:13:40] (system)CassandraConn.loadConnConfig() : CONNECTION_MAX - 20
[2017/09/11 15:13:40] (system)CassandraConn.loadConnConfig() : CONNECTION_TIME_OUT - 20
[2017/09/11 15:13:40] (system)CassandraConn.loadConnConfig() : CONNECTION_ACC - cassandra
[2017/09/11 15:13:40] (system)CassandraConn.loadConnConfig() : CONNECTION_PWD - cassandra
[2017/09/11 15:13:40] (system)CassandraConn.loadConnConfig() : CONNECTION_PORT - 9042
[2017/09/11 15:13:40] (system)CassandraConn.loadConnConfig() : CONTACT_POINTS - 10.144.150.210
[2017/09/11 15:13:42] (system)MAX_CONNECTION : 30
[2017/09/11 15:13:42] (system)Cassandra Connection Agent!
[2017/09/11 15:13:42] (system)CassandraConnAgent Kernel enable...
[2017/09/11 15:13:42] (system)Cassandra Connection Manager !
[2017/09/11 15:13:42] (system)MySQL.loadConnConfig() : SQL_SERVER_IP - 127.0.0.1
[2017/09/11 15:13:42] (system)MySQL.loadConnConfig() : SQL_SERVER_ACCOUNT - root
[2017/09/11 15:13:42] (system)MySQL.loadConnConfig() : SQL_SERVER_PWD - 1qaz@WSX
[2017/09/11 15:13:42] (system)MySQL.loadConnConfig() : SQL_SERVER_PORT - 3306
[2017/09/11 15:13:42] (system)MySQL.loadConnConfig() : DATA_BASE_NAME - iot
[2017/09/11 15:13:42] (system)MySQL.loadConnConfig() : MAX_CONNECTION - 20
[2017/09/11 15:13:42] (system)MAX_CONNECTION : 0
[2017/09/11 15:13:42] (system)MySQLConnAgent 啟動完成!
[2017/09/11 15:13:42] (system)MySQLConnAgent conn_pool.size() : 0
[2017/09/11 15:13:42] (system)MySQLConnAgent conn_pool.size() : 1
[2017/09/11 15:13:42] (system)MySQLConnAgent conn_pool.size() : 2
[2017/09/11 15:13:42] (system)MySQLConnAgent conn_pool.size() : 3
[2017/09/11 15:13:42] (system)MySQLConnAgent conn_pool.size() : 4
[2017/09/11 15:13:42] (system)MySQLConnAgent conn_pool.size() : 5
[2017/09/11 15:13:42] (system)MySQLConnAgent conn_pool.size() : 6
[2017/09/11 15:13:42] (system)MySQLConnAgent conn_pool.size() : 7
[2017/09/11 15:13:42] (system)MySQLConnAgent conn_pool.size() : 8
[2017/09/11 15:13:42] (system)MySQLConnAgent conn_pool.size() : 9
[2017/09/11 15:13:42] (system)MySQLConnAgent conn_pool.size() : 10
[2017/09/11 15:13:42] (system)MySQLConnAgent conn_pool.size() : 11
[2017/09/11 15:13:42] (system)MySQLConnAgent conn_pool.size() : 12
[2017/09/11 15:13:42] (system)MySQLConnAgent conn_pool.size() : 13
[2017/09/11 15:13:42] (system)MySQLConnAgent conn_pool.size() : 14
[2017/09/11 15:13:42] (system)MySQLConnAgent conn_pool.size() : 15
[2017/09/11 15:13:42] (system)MySQLConnAgent conn_pool.size() : 16
[2017/09/11 15:13:42] (system)MySQLConnAgent conn_pool.size() : 17
[2017/09/11 15:13:42] (system)MySQLConnAgent conn_pool.size() : 18
[2017/09/11 15:13:42] (system)MySQLConnAgent conn_pool.size() : 19
[2017/09/11 15:13:42] (system)MySQLConnAgent Kernel enable...
[2017/09/11 15:13:42] (system)Load all device info from database...
[2017/09/11 15:13:42] (system)Load device(192.168.1.1) to system....
[2017/09/11 15:13:42] (system)Start watchdog agent...
[2017/09/11 15:13:42] (system)This is watch dog...
[2017/09/11 15:13:43] (system)This is watch dog...
[2017/09/11 15:13:44] (system)This is watch dog...
[2017/09/11 15:13:45] (system)This is watch dog...
[2017/09/11 15:13:46] (system)This is watch dog...
[2017/09/11 15:13:47] (system)This is watch dog...
[2017/09/11 15:13:48] (system)This is watch dog...
[2017/09/11 15:13:49] (system)This is watch dog...
[2017/09/11 15:13:50] (system)This is watch dog...
[2017/09/11 15:13:51] (system)This is watch dog...
[2017/09/11 15:13:52] (system)This is watch dog...
[2017/09/11 15:13:53] (system)This is watch dog...
[2017/09/11 15:13:54] (system)This is watch dog...
[2017/09/11 15:13:55] (system)This is watch dog...
[2017/09/11 15:13:56] (system)This is watch dog...
[2017/09/11 15:13:57] (system)This is watch dog...
[2017/09/11 15:13:58] (system)This is watch dog...
[2017/09/11 15:13:59] (system)This is watch dog...
[2017/09/11 15:14:00] (system)This is watch dog...
[2017/09/11 15:14:01] (system)This is watch dog...
[2017/09/11 15:14:02] (system)This is watch dog...
[2017/09/11 15:14:03] (system)This is watch dog...
[2017/09/11 15:14:04] (system)This is watch dog...
[2017/09/11 15:14:09] (system)System(Ver 0.1) init...
[2017/09/11 15:14:09] (system)CassandraConn.loadConnConfig() : CONNECTION_CORE - 20
[2017/09/11 15:14:09] (system)CassandraConn.loadConnConfig() : CONNECTION_MAX - 20
[2017/09/11 15:14:09] (system)CassandraConn.loadConnConfig() : CONNECTION_TIME_OUT - 20
[2017/09/11 15:14:09] (system)CassandraConn.loadConnConfig() : CONNECTION_ACC - cassandra
[2017/09/11 15:14:09] (system)CassandraConn.loadConnConfig() : CONNECTION_PWD - cassandra
[2017/09/11 15:14:09] (system)CassandraConn.loadConnConfig() : CONNECTION_PORT - 9042
[2017/09/11 15:14:09] (system)CassandraConn.loadConnConfig() : CONTACT_POINTS - 10.144.150.210
[2017/09/11 15:14:10] (system)MAX_CONNECTION : 30
[2017/09/11 15:14:10] (system)Cassandra Connection Agent!
[2017/09/11 15:14:10] (system)CassandraConnAgent Kernel enable...
[2017/09/11 15:14:10] (system)Cassandra Connection Manager !
[2017/09/11 15:14:10] (system)MySQL.loadConnConfig() : SQL_SERVER_IP - 127.0.0.1
[2017/09/11 15:14:10] (system)MySQL.loadConnConfig() : SQL_SERVER_ACCOUNT - root
[2017/09/11 15:14:10] (system)MySQL.loadConnConfig() : SQL_SERVER_PWD - 1qaz@WSX
[2017/09/11 15:14:10] (system)MySQL.loadConnConfig() : SQL_SERVER_PORT - 3306
[2017/09/11 15:14:10] (system)MySQL.loadConnConfig() : DATA_BASE_NAME - iot
[2017/09/11 15:14:10] (system)MySQL.loadConnConfig() : MAX_CONNECTION - 20
[2017/09/11 15:14:10] (system)MAX_CONNECTION : 0
[2017/09/11 15:14:10] (system)MySQLConnAgent 啟動完成!
[2017/09/11 15:14:11] (system)MySQLConnAgent conn_pool.size() : 0
[2017/09/11 15:14:11] (system)MySQLConnAgent conn_pool.size() : 1
[2017/09/11 15:14:11] (system)MySQLConnAgent conn_pool.size() : 2
[2017/09/11 15:14:11] (system)MySQLConnAgent conn_pool.size() : 3
[2017/09/11 15:14:11] (system)MySQLConnAgent conn_pool.size() : 4
[2017/09/11 15:14:11] (system)MySQLConnAgent conn_pool.size() : 5
[2017/09/11 15:14:11] (system)MySQLConnAgent conn_pool.size() : 6
[2017/09/11 15:14:11] (system)MySQLConnAgent conn_pool.size() : 7
[2017/09/11 15:14:11] (system)MySQLConnAgent conn_pool.size() : 8
[2017/09/11 15:14:11] (system)MySQLConnAgent conn_pool.size() : 9
[2017/09/11 15:14:11] (system)MySQLConnAgent conn_pool.size() : 10
[2017/09/11 15:14:11] (system)MySQLConnAgent conn_pool.size() : 11
[2017/09/11 15:14:11] (system)MySQLConnAgent conn_pool.size() : 12
[2017/09/11 15:14:11] (system)MySQLConnAgent conn_pool.size() : 13
[2017/09/11 15:14:11] (system)MySQLConnAgent conn_pool.size() : 14
[2017/09/11 15:14:11] (system)MySQLConnAgent conn_pool.size() : 15
[2017/09/11 15:14:11] (system)MySQLConnAgent conn_pool.size() : 16
[2017/09/11 15:14:11] (system)MySQLConnAgent conn_pool.size() : 17
[2017/09/11 15:14:11] (system)MySQLConnAgent conn_pool.size() : 18
[2017/09/11 15:14:11] (system)MySQLConnAgent conn_pool.size() : 19
[2017/09/11 15:14:11] (system)MySQLConnAgent Kernel enable...
[2017/09/11 15:14:11] (system)Load all device info from database...
[2017/09/11 15:14:11] (system)Load device(192.168.1.1) to system....
[2017/09/11 15:14:11] (system)Start watchdog agent...
[2017/09/11 15:14:11] (system)This is watch dog...
[2017/09/11 15:14:12] (system)This is watch dog...
[2017/09/11 15:14:13] (system)This is watch dog...
[2017/09/11 15:14:14] (system)This is watch dog...
[2017/09/11 15:14:15] (system)This is watch dog...
[2017/09/11 15:14:16] (system)This is watch dog...
[2017/09/11 15:14:17] (system)This is watch dog...
[2017/09/11 15:14:18] (system)This is watch dog...
[2017/09/11 15:14:19] (system)This is watch dog...
[2017/09/11 15:14:20] (system)This is watch dog...
[2017/09/11 15:14:21] (system)This is watch dog...
[2017/09/11 15:14:22] (system)This is watch dog...
[2017/09/11 15:14:49] (system)System(Ver 0.1) init...
[2017/09/11 15:14:49] (system)CassandraConn.loadConnConfig() : CONNECTION_CORE - 20
[2017/09/11 15:14:49] (system)CassandraConn.loadConnConfig() : CONNECTION_MAX - 20
[2017/09/11 15:14:49] (system)CassandraConn.loadConnConfig() : CONNECTION_TIME_OUT - 20
[2017/09/11 15:14:49] (system)CassandraConn.loadConnConfig() : CONNECTION_ACC - cassandra
[2017/09/11 15:14:49] (system)CassandraConn.loadConnConfig() : CONNECTION_PWD - cassandra
[2017/09/11 15:14:49] (system)CassandraConn.loadConnConfig() : CONNECTION_PORT - 9042
[2017/09/11 15:14:49] (system)CassandraConn.loadConnConfig() : CONTACT_POINTS - 10.144.150.210
[2017/09/11 15:14:51] (system)MAX_CONNECTION : 30
[2017/09/11 15:14:51] (system)Cassandra Connection Agent!
[2017/09/11 15:14:51] (system)CassandraConnAgent Kernel enable...
[2017/09/11 15:14:51] (system)Cassandra Connection Manager !
[2017/09/11 15:14:51] (system)MySQL.loadConnConfig() : SQL_SERVER_IP - 127.0.0.1
[2017/09/11 15:14:51] (system)MySQL.loadConnConfig() : SQL_SERVER_ACCOUNT - root
[2017/09/11 15:14:51] (system)MySQL.loadConnConfig() : SQL_SERVER_PWD - 1qaz@WSX
[2017/09/11 15:14:51] (system)MySQL.loadConnConfig() : SQL_SERVER_PORT - 3306
[2017/09/11 15:14:51] (system)MySQL.loadConnConfig() : DATA_BASE_NAME - iot
[2017/09/11 15:14:51] (system)MySQL.loadConnConfig() : MAX_CONNECTION - 20
[2017/09/11 15:14:51] (system)MAX_CONNECTION : 0
[2017/09/11 15:14:51] (system)MySQLConnAgent 啟動完成!
[2017/09/11 15:14:51] (system)MySQLConnAgent conn_pool.size() : 0
[2017/09/11 15:14:51] (system)MySQLConnAgent conn_pool.size() : 1
[2017/09/11 15:14:51] (system)MySQLConnAgent conn_pool.size() : 2
[2017/09/11 15:14:51] (system)MySQLConnAgent conn_pool.size() : 3
[2017/09/11 15:14:51] (system)MySQLConnAgent conn_pool.size() : 4
[2017/09/11 15:14:51] (system)MySQLConnAgent conn_pool.size() : 5
[2017/09/11 15:14:51] (system)MySQLConnAgent conn_pool.size() : 6
[2017/09/11 15:14:51] (system)MySQLConnAgent conn_pool.size() : 7
[2017/09/11 15:14:51] (system)MySQLConnAgent conn_pool.size() : 8
[2017/09/11 15:14:51] (system)MySQLConnAgent conn_pool.size() : 9
[2017/09/11 15:14:51] (system)MySQLConnAgent conn_pool.size() : 10
[2017/09/11 15:14:51] (system)MySQLConnAgent conn_pool.size() : 11
[2017/09/11 15:14:51] (system)MySQLConnAgent conn_pool.size() : 12
[2017/09/11 15:14:51] (system)MySQLConnAgent conn_pool.size() : 13
[2017/09/11 15:14:51] (system)MySQLConnAgent conn_pool.size() : 14
[2017/09/11 15:14:51] (system)MySQLConnAgent conn_pool.size() : 15
[2017/09/11 15:14:51] (system)MySQLConnAgent conn_pool.size() : 16
[2017/09/11 15:14:51] (system)MySQLConnAgent conn_pool.size() : 17
[2017/09/11 15:14:51] (system)MySQLConnAgent conn_pool.size() : 18
[2017/09/11 15:14:51] (system)MySQLConnAgent conn_pool.size() : 19
[2017/09/11 15:14:51] (system)MySQLConnAgent Kernel enable...
[2017/09/11 15:14:51] (system)Load all device info from database...
[2017/09/11 15:14:51] (system)Load device(192.168.1.1) to system....
[2017/09/11 15:14:51] (system)Start watchdog agent...
[2017/09/11 15:14:51] (system)This is watch dog...
[2017/09/11 15:14:52] (system)This is watch dog...
[2017/09/11 15:14:53] (system)This is watch dog...
[2017/09/11 15:14:54] (system)This is watch dog...
[2017/09/11 15:14:55] (system)This is watch dog...
[2017/09/11 15:14:56] (system)This is watch dog...
[2017/09/11 15:14:57] (system)This is watch dog...
[2017/09/11 15:14:58] (system)This is watch dog...
[2017/09/11 15:14:59] (system)This is watch dog...
[2017/09/11 15:15:00] (system)This is watch dog...
[2017/09/11 15:15:01] (system)This is watch dog...
[2017/09/11 15:15:02] (system)This is watch dog...
[2017/09/11 15:15:03] (system)This is watch dog...
[2017/09/11 15:15:04] (system)This is watch dog...
[2017/09/11 15:15:05] (system)This is watch dog...
[2017/09/11 15:15:06] (system)This is watch dog...
[2017/09/11 15:15:07] (system)This is watch dog...
[2017/09/11 15:15:08] (system)This is watch dog...
[2017/09/11 15:15:09] (system)This is watch dog...
[2017/09/11 15:15:10] (system)This is watch dog...
[2017/09/11 15:15:11] (system)This is watch dog...
[2017/09/11 15:15:12] (system)This is watch dog...
[2017/09/11 15:15:13] (system)This is watch dog...
[2017/09/11 15:15:14] (system)This is watch dog...
[2017/09/11 15:15:15] (system)This is watch dog...
[2017/09/11 15:15:16] (system)This is watch dog...
[2017/09/11 15:15:17] (system)This is watch dog...
[2017/09/11 15:15:18] (system)This is watch dog...
[2017/09/11 15:15:19] (system)This is watch dog...
[2017/09/11 15:15:43] (system)System(Ver 0.1) init...
[2017/09/11 15:15:44] (system)CassandraConn.loadConnConfig() : CONNECTION_CORE - 20
[2017/09/11 15:15:44] (system)CassandraConn.loadConnConfig() : CONNECTION_MAX - 20
[2017/09/11 15:15:44] (system)CassandraConn.loadConnConfig() : CONNECTION_TIME_OUT - 20
[2017/09/11 15:15:44] (system)CassandraConn.loadConnConfig() : CONNECTION_ACC - cassandra
[2017/09/11 15:15:44] (system)CassandraConn.loadConnConfig() : CONNECTION_PWD - cassandra
[2017/09/11 15:15:44] (system)CassandraConn.loadConnConfig() : CONNECTION_PORT - 9042
[2017/09/11 15:15:44] (system)CassandraConn.loadConnConfig() : CONTACT_POINTS - 10.144.150.210
[2017/09/11 15:15:45] (system)MAX_CONNECTION : 30
[2017/09/11 15:15:45] (system)Cassandra Connection Agent!
[2017/09/11 15:15:45] (system)CassandraConnAgent Kernel enable...
[2017/09/11 15:15:45] (system)Cassandra Connection Manager !
[2017/09/11 15:15:45] (system)MySQL.loadConnConfig() : SQL_SERVER_IP - 127.0.0.1
[2017/09/11 15:15:45] (system)MySQL.loadConnConfig() : SQL_SERVER_ACCOUNT - root
[2017/09/11 15:15:45] (system)MySQL.loadConnConfig() : SQL_SERVER_PWD - 1qaz@WSX
[2017/09/11 15:15:45] (system)MySQL.loadConnConfig() : SQL_SERVER_PORT - 3306
[2017/09/11 15:15:45] (system)MySQL.loadConnConfig() : DATA_BASE_NAME - iot
[2017/09/11 15:15:45] (system)MySQL.loadConnConfig() : MAX_CONNECTION - 20
[2017/09/11 15:15:45] (system)MAX_CONNECTION : 0
[2017/09/11 15:15:45] (system)MySQLConnAgent 啟動完成!
[2017/09/11 15:15:46] (system)MySQLConnAgent conn_pool.size() : 0
[2017/09/11 15:15:46] (system)MySQLConnAgent conn_pool.size() : 1
[2017/09/11 15:15:46] (system)MySQLConnAgent conn_pool.size() : 2
[2017/09/11 15:15:46] (system)MySQLConnAgent conn_pool.size() : 3
[2017/09/11 15:15:46] (system)MySQLConnAgent conn_pool.size() : 4
[2017/09/11 15:15:46] (system)MySQLConnAgent conn_pool.size() : 5
[2017/09/11 15:15:46] (system)MySQLConnAgent conn_pool.size() : 6
[2017/09/11 15:15:46] (system)MySQLConnAgent conn_pool.size() : 7
[2017/09/11 15:15:46] (system)MySQLConnAgent conn_pool.size() : 8
[2017/09/11 15:15:46] (system)MySQLConnAgent conn_pool.size() : 9
[2017/09/11 15:15:46] (system)MySQLConnAgent conn_pool.size() : 10
[2017/09/11 15:15:46] (system)MySQLConnAgent conn_pool.size() : 11
[2017/09/11 15:15:46] (system)MySQLConnAgent conn_pool.size() : 12
[2017/09/11 15:15:46] (system)MySQLConnAgent conn_pool.size() : 13
[2017/09/11 15:15:46] (system)MySQLConnAgent conn_pool.size() : 14
[2017/09/11 15:15:46] (system)MySQLConnAgent conn_pool.size() : 15
[2017/09/11 15:15:46] (system)MySQLConnAgent conn_pool.size() : 16
[2017/09/11 15:15:46] (system)MySQLConnAgent conn_pool.size() : 17
[2017/09/11 15:15:46] (system)MySQLConnAgent conn_pool.size() : 18
[2017/09/11 15:15:46] (system)MySQLConnAgent conn_pool.size() : 19
[2017/09/11 15:15:46] (system)MySQLConnAgent Kernel enable...
[2017/09/11 15:15:46] (system)Load all device info from database...
[2017/09/11 15:15:46] (system)Load device(192.168.1.1) to system....
[2017/09/11 15:15:46] (system)Start watchdog agent...
[2017/09/11 15:15:56] (system)This is watch dog...
[2017/09/11 15:15:57] (system)This is watch dog...
[2017/09/11 15:15:58] (system)This is watch dog...
[2017/09/11 15:15:59] (system)This is watch dog...
[2017/09/11 15:16:00] (system)This is watch dog...
[2017/09/11 15:16:01] (system)This is watch dog...
[2017/09/11 15:16:02] (system)This is watch dog...
[2017/09/11 15:16:03] (system)This is watch dog...
[2017/09/11 15:16:04] (system)This is watch dog...
[2017/09/11 15:16:05] (system)This is watch dog...
[2017/09/11 15:16:06] (system)This is watch dog...
[2017/09/11 15:16:07] (system)This is watch dog...
[2017/09/11 15:16:08] (system)This is watch dog...
[2017/09/11 15:19:21] (system)System(Ver 0.1) init...
[2017/09/11 15:19:21] (system)CassandraConn.loadConnConfig() : CONNECTION_CORE - 20
[2017/09/11 15:19:21] (system)CassandraConn.loadConnConfig() : CONNECTION_MAX - 20
[2017/09/11 15:19:21] (system)CassandraConn.loadConnConfig() : CONNECTION_TIME_OUT - 20
[2017/09/11 15:19:21] (system)CassandraConn.loadConnConfig() : CONNECTION_ACC - cassandra
[2017/09/11 15:19:21] (system)CassandraConn.loadConnConfig() : CONNECTION_PWD - cassandra
[2017/09/11 15:19:21] (system)CassandraConn.loadConnConfig() : CONNECTION_PORT - 9042
[2017/09/11 15:19:21] (system)CassandraConn.loadConnConfig() : CONTACT_POINTS - 10.144.150.210
[2017/09/11 15:19:23] (system)MAX_CONNECTION : 30
[2017/09/11 15:19:23] (system)Cassandra Connection Agent!
[2017/09/11 15:19:23] (system)CassandraConnAgent Kernel enable...
[2017/09/11 15:19:23] (system)Cassandra Connection Manager !
[2017/09/11 15:19:23] (system)MySQL.loadConnConfig() : SQL_SERVER_IP - 127.0.0.1
[2017/09/11 15:19:23] (system)MySQL.loadConnConfig() : SQL_SERVER_ACCOUNT - root
[2017/09/11 15:19:23] (system)MySQL.loadConnConfig() : SQL_SERVER_PWD - 1qaz@WSX
[2017/09/11 15:19:23] (system)MySQL.loadConnConfig() : SQL_SERVER_PORT - 3306
[2017/09/11 15:19:23] (system)MySQL.loadConnConfig() : DATA_BASE_NAME - iot
[2017/09/11 15:19:23] (system)MySQL.loadConnConfig() : MAX_CONNECTION - 20
[2017/09/11 15:19:23] (system)MAX_CONNECTION : 0
[2017/09/11 15:19:23] (system)MySQLConnAgent 啟動完成!
[2017/09/11 15:19:23] (system)MySQLConnAgent conn_pool.size() : 0
[2017/09/11 15:19:23] (system)MySQLConnAgent conn_pool.size() : 1
[2017/09/11 15:19:23] (system)MySQLConnAgent conn_pool.size() : 2
[2017/09/11 15:19:23] (system)MySQLConnAgent conn_pool.size() : 3
[2017/09/11 15:19:23] (system)MySQLConnAgent conn_pool.size() : 4
[2017/09/11 15:19:23] (system)MySQLConnAgent conn_pool.size() : 5
[2017/09/11 15:19:23] (system)MySQLConnAgent conn_pool.size() : 6
[2017/09/11 15:19:23] (system)MySQLConnAgent conn_pool.size() : 7
[2017/09/11 15:19:23] (system)MySQLConnAgent conn_pool.size() : 8
[2017/09/11 15:19:23] (system)MySQLConnAgent conn_pool.size() : 9
[2017/09/11 15:19:23] (system)MySQLConnAgent conn_pool.size() : 10
[2017/09/11 15:19:23] (system)MySQLConnAgent conn_pool.size() : 11
[2017/09/11 15:19:23] (system)MySQLConnAgent conn_pool.size() : 12
[2017/09/11 15:19:23] (system)MySQLConnAgent conn_pool.size() : 13
[2017/09/11 15:19:23] (system)MySQLConnAgent conn_pool.size() : 14
[2017/09/11 15:19:23] (system)MySQLConnAgent conn_pool.size() : 15
[2017/09/11 15:19:23] (system)MySQLConnAgent conn_pool.size() : 16
[2017/09/11 15:19:23] (system)MySQLConnAgent conn_pool.size() : 17
[2017/09/11 15:19:23] (system)MySQLConnAgent conn_pool.size() : 18
[2017/09/11 15:19:23] (system)MySQLConnAgent conn_pool.size() : 19
[2017/09/11 15:19:23] (system)MySQLConnAgent Kernel enable...
[2017/09/11 15:19:23] (system)Load all device info from database...
[2017/09/11 15:19:23] (system)Start watchdog agent...
[2017/09/11 15:19:23] (system)This is watch dog...
[2017/09/11 15:19:24] (system)This is watch dog...
[2017/09/11 15:19:25] (system)This is watch dog...
[2017/09/11 15:19:26] (system)This is watch dog...
[2017/09/11 15:19:27] (system)This is watch dog...
[2017/09/11 15:19:28] (system)This is watch dog...
[2017/09/11 15:19:29] (system)This is watch dog...
[2017/09/11 15:19:30] (system)This is watch dog...
[2017/09/11 15:19:31] (system)This is watch dog...
[2017/09/11 15:19:32] (system)This is watch dog...
[2017/09/11 15:19:33] (system)This is watch dog...
[2017/09/11 15:19:34] (system)This is watch dog...
[2017/09/11 15:19:35] (system)This is watch dog...
[2017/09/11 15:19:36] (system)This is watch dog...
[2017/09/11 15:20:09] (system)System(Ver 0.1) init...
[2017/09/11 15:20:09] (system)CassandraConn.loadConnConfig() : CONNECTION_CORE - 20
[2017/09/11 15:20:09] (system)CassandraConn.loadConnConfig() : CONNECTION_MAX - 20
[2017/09/11 15:20:09] (system)CassandraConn.loadConnConfig() : CONNECTION_TIME_OUT - 20
[2017/09/11 15:20:09] (system)CassandraConn.loadConnConfig() : CONNECTION_ACC - cassandra
[2017/09/11 15:20:09] (system)CassandraConn.loadConnConfig() : CONNECTION_PWD - cassandra
[2017/09/11 15:20:09] (system)CassandraConn.loadConnConfig() : CONNECTION_PORT - 9042
[2017/09/11 15:20:09] (system)CassandraConn.loadConnConfig() : CONTACT_POINTS - 10.144.150.210
[2017/09/11 15:20:10] (system)MAX_CONNECTION : 30
[2017/09/11 15:20:10] (system)Cassandra Connection Agent!
[2017/09/11 15:20:10] (system)CassandraConnAgent Kernel enable...
[2017/09/11 15:20:10] (system)Cassandra Connection Manager !
[2017/09/11 15:20:10] (system)MySQL.loadConnConfig() : SQL_SERVER_IP - 127.0.0.1
[2017/09/11 15:20:10] (system)MySQL.loadConnConfig() : SQL_SERVER_ACCOUNT - root
[2017/09/11 15:20:10] (system)MySQL.loadConnConfig() : SQL_SERVER_PWD - 1qaz@WSX
[2017/09/11 15:20:11] (system)MySQL.loadConnConfig() : SQL_SERVER_PORT - 3306
[2017/09/11 15:20:11] (system)MySQL.loadConnConfig() : DATA_BASE_NAME - iot
[2017/09/11 15:20:11] (system)MySQL.loadConnConfig() : MAX_CONNECTION - 20
[2017/09/11 15:20:11] (system)MAX_CONNECTION : 0
[2017/09/11 15:20:11] (system)MySQLConnAgent 啟動完成!
[2017/09/11 15:20:11] (system)MySQLConnAgent conn_pool.size() : 0
[2017/09/11 15:20:11] (system)MySQLConnAgent conn_pool.size() : 1
[2017/09/11 15:20:11] (system)MySQLConnAgent conn_pool.size() : 2
[2017/09/11 15:20:11] (system)MySQLConnAgent conn_pool.size() : 3
[2017/09/11 15:20:11] (system)MySQLConnAgent conn_pool.size() : 4
[2017/09/11 15:20:11] (system)MySQLConnAgent conn_pool.size() : 5
[2017/09/11 15:20:11] (system)MySQLConnAgent conn_pool.size() : 6
[2017/09/11 15:20:11] (system)MySQLConnAgent conn_pool.size() : 7
[2017/09/11 15:20:11] (system)MySQLConnAgent conn_pool.size() : 8
[2017/09/11 15:20:11] (system)MySQLConnAgent conn_pool.size() : 9
[2017/09/11 15:20:11] (system)MySQLConnAgent conn_pool.size() : 10
[2017/09/11 15:20:11] (system)MySQLConnAgent conn_pool.size() : 11
[2017/09/11 15:20:11] (system)MySQLConnAgent conn_pool.size() : 12
[2017/09/11 15:20:11] (system)MySQLConnAgent conn_pool.size() : 13
[2017/09/11 15:20:11] (system)MySQLConnAgent conn_pool.size() : 14
[2017/09/11 15:20:11] (system)MySQLConnAgent conn_pool.size() : 15
[2017/09/11 15:20:11] (system)MySQLConnAgent conn_pool.size() : 16
[2017/09/11 15:20:11] (system)MySQLConnAgent conn_pool.size() : 17
[2017/09/11 15:20:11] (system)MySQLConnAgent conn_pool.size() : 18
[2017/09/11 15:20:11] (system)MySQLConnAgent conn_pool.size() : 19
[2017/09/11 15:20:11] (system)MySQLConnAgent Kernel enable...
[2017/09/11 15:20:11] (system)Load all device info from database...
[2017/09/11 15:20:11] (system)Load device(192.168.1.1) to system....
[2017/09/11 15:20:11] (system)Load device(192.168.1.2) to system....
[2017/09/11 15:20:11] (system)Start watchdog agent...
[2017/09/11 15:20:11] (system)This is watch dog...
[2017/09/11 15:20:12] (system)This is watch dog...
[2017/09/11 15:20:13] (system)This is watch dog...
[2017/09/11 15:20:14] (system)This is watch dog...
[2017/09/11 15:20:15] (system)This is watch dog...
[2017/09/11 15:20:16] (system)This is watch dog...
[2017/09/11 15:20:17] (system)This is watch dog...
[2017/09/11 15:20:18] (system)This is watch dog...
[2017/09/11 15:20:19] (system)This is watch dog...
[2017/09/11 15:20:20] (system)This is watch dog...
[2017/09/11 15:20:21] (system)This is watch dog...
[2017/09/11 15:20:22] (system)This is watch dog...
[2017/09/11 15:20:23] (system)This is watch dog...
[2017/09/11 15:20:24] (system)This is watch dog...
[2017/09/11 15:20:25] (system)This is watch dog...
[2017/09/11 15:20:26] (system)This is watch dog...
[2017/09/11 15:20:27] (system)This is watch dog...
[2017/09/11 15:20:28] (system)This is watch dog...
[2017/09/11 15:20:29] (system)This is watch dog...
[2017/09/11 15:20:30] (system)This is watch dog...
[2017/09/11 15:20:31] (system)This is watch dog...
[2017/09/11 15:20:32] (system)This is watch dog...
[2017/09/11 15:20:33] (system)This is watch dog...
[2017/09/11 15:20:34] (system)This is watch dog...
[2017/09/11 15:20:35] (system)This is watch dog...
[2017/09/11 15:20:36] (system)This is watch dog...
[2017/09/11 15:20:37] (system)This is watch dog...
[2017/09/11 15:20:38] (system)This is watch dog...
[2017/09/11 15:20:39] (system)This is watch dog...
[2017/09/11 15:20:40] (system)This is watch dog...
[2017/09/11 15:20:41] (system)This is watch dog...
[2017/09/11 15:20:42] (system)This is watch dog...
[2017/09/11 15:20:43] (system)This is watch dog...
[2017/09/11 15:20:44] (system)This is watch dog...
[2017/09/11 15:20:45] (system)This is watch dog...
[2017/09/11 15:20:46] (system)This is watch dog...
[2017/09/11 15:20:47] (system)This is watch dog...
[2017/09/11 15:20:48] (system)This is watch dog...
[2017/09/11 15:20:49] (system)This is watch dog...
[2017/09/11 15:20:50] (system)This is watch dog...
[2017/09/11 15:20:51] (system)This is watch dog...
[2017/09/11 15:20:52] (system)This is watch dog...
[2017/09/11 15:20:53] (system)This is watch dog...
[2017/09/11 15:20:54] (system)This is watch dog...
[2017/09/11 15:20:55] (system)This is watch dog...
[2017/09/11 15:20:56] (system)This is watch dog...
[2017/09/11 15:20:57] (system)This is watch dog...
[2017/09/11 15:20:58] (system)This is watch dog...
[2017/09/11 15:20:59] (system)This is watch dog...
[2017/09/11 15:21:00] (system)This is watch dog...
[2017/09/11 15:21:01] (system)This is watch dog...
[2017/09/11 15:21:02] (system)This is watch dog...
[2017/09/11 15:21:03] (system)This is watch dog...
[2017/09/11 15:21:04] (system)This is watch dog...
[2017/09/11 15:21:05] (system)This is watch dog...
[2017/09/11 15:21:06] (system)This is watch dog...
[2017/09/11 15:21:07] (system)This is watch dog...
[2017/09/11 15:21:08] (system)This is watch dog...
[2017/09/11 15:21:09] (system)This is watch dog...
[2017/09/11 15:21:10] (system)This is watch dog...
[2017/09/11 15:21:10] (system)/10.144.150.210:9042 connections=20, current load=0, max load=20480

[2017/09/11 15:21:11] (system)This is watch dog...
[2017/09/11 15:21:12] (system)This is watch dog...
[2017/09/11 15:21:13] (system)This is watch dog...
[2017/09/11 15:21:14] (system)This is watch dog...
[2017/09/11 15:21:15] (system)This is watch dog...
[2017/09/11 15:21:16] (system)This is watch dog...
[2017/09/11 15:21:17] (system)This is watch dog...
[2017/09/11 15:21:18] (system)This is watch dog...
[2017/09/11 15:21:19] (system)This is watch dog...
[2017/09/11 15:21:20] (system)This is watch dog...
[2017/09/11 15:21:21] (system)This is watch dog...
[2017/09/11 15:21:22] (system)This is watch dog...
[2017/09/11 15:21:23] (system)This is watch dog...
[2017/09/11 15:37:24] (system)System(Ver 0.1) init...
[2017/09/11 15:37:24] (system)CassandraConn.loadConnConfig() : CONNECTION_CORE - 20
[2017/09/11 15:37:24] (system)CassandraConn.loadConnConfig() : CONNECTION_MAX - 20
[2017/09/11 15:37:24] (system)CassandraConn.loadConnConfig() : CONNECTION_TIME_OUT - 20
[2017/09/11 15:37:24] (system)CassandraConn.loadConnConfig() : CONNECTION_ACC - cassandra
[2017/09/11 15:37:24] (system)CassandraConn.loadConnConfig() : CONNECTION_PWD - cassandra
[2017/09/11 15:37:24] (system)CassandraConn.loadConnConfig() : CONNECTION_PORT - 9042
[2017/09/11 15:37:24] (system)CassandraConn.loadConnConfig() : CONTACT_POINTS - 10.144.150.210
[2017/09/11 15:37:26] (system)MAX_CONNECTION : 30
[2017/09/11 15:37:26] (system)Cassandra Connection Agent!
[2017/09/11 15:37:26] (system)CassandraConnAgent Kernel enable...
[2017/09/11 15:37:26] (system)Cassandra Connection Manager !
[2017/09/11 15:37:26] (system)MySQL.loadConnConfig() : SQL_SERVER_IP - 127.0.0.1
[2017/09/11 15:37:26] (system)MySQL.loadConnConfig() : SQL_SERVER_ACCOUNT - root
[2017/09/11 15:37:26] (system)MySQL.loadConnConfig() : SQL_SERVER_PWD - 1qaz@WSX
[2017/09/11 15:37:26] (system)MySQL.loadConnConfig() : SQL_SERVER_PORT - 3306
[2017/09/11 15:37:26] (system)MySQL.loadConnConfig() : DATA_BASE_NAME - iot
[2017/09/11 15:37:26] (system)MySQL.loadConnConfig() : MAX_CONNECTION - 20
[2017/09/11 15:37:26] (system)MAX_CONNECTION : 0
[2017/09/11 15:37:26] (system)MySQLConnAgent 啟動完成!
[2017/09/11 15:37:27] (system)MySQLConnAgent conn_pool.size() : 0
[2017/09/11 15:37:27] (system)MySQLConnAgent conn_pool.size() : 1
[2017/09/11 15:37:27] (system)MySQLConnAgent conn_pool.size() : 2
[2017/09/11 15:37:27] (system)MySQLConnAgent conn_pool.size() : 3
[2017/09/11 15:37:27] (system)MySQLConnAgent conn_pool.size() : 4
[2017/09/11 15:37:27] (system)MySQLConnAgent conn_pool.size() : 5
[2017/09/11 15:37:27] (system)MySQLConnAgent conn_pool.size() : 6
[2017/09/11 15:37:27] (system)MySQLConnAgent conn_pool.size() : 7
[2017/09/11 15:37:27] (system)MySQLConnAgent conn_pool.size() : 8
[2017/09/11 15:37:27] (system)MySQLConnAgent conn_pool.size() : 9
[2017/09/11 15:37:27] (system)MySQLConnAgent conn_pool.size() : 10
[2017/09/11 15:37:27] (system)MySQLConnAgent conn_pool.size() : 11
[2017/09/11 15:37:27] (system)MySQLConnAgent conn_pool.size() : 12
[2017/09/11 15:37:27] (system)MySQLConnAgent conn_pool.size() : 13
[2017/09/11 15:37:27] (system)MySQLConnAgent conn_pool.size() : 14
[2017/09/11 15:37:27] (system)MySQLConnAgent conn_pool.size() : 15
[2017/09/11 15:37:27] (system)MySQLConnAgent conn_pool.size() : 16
[2017/09/11 15:37:27] (system)MySQLConnAgent conn_pool.size() : 17
[2017/09/11 15:37:27] (system)MySQLConnAgent conn_pool.size() : 18
[2017/09/11 15:37:27] (system)MySQLConnAgent conn_pool.size() : 19
[2017/09/11 15:37:27] (system)MySQLConnAgent Kernel enable...
[2017/09/11 15:37:27] (system)Load all device info from database...
[2017/09/11 15:37:27] (system)Load device(192.168.1.1) to system....
[2017/09/11 15:37:27] (system)Load device(192.168.1.2) to system....
[2017/09/11 15:37:27] (system)Start watchdog agent...
[2017/09/11 15:37:27] (system)This is watch dog...
[2017/09/11 15:37:28] (system)This is watch dog...
[2017/09/11 15:37:29] (system)This is watch dog...
[2017/09/11 15:37:30] (system)CassandraConnAgent conn_pool.size() : 0
[2017/09/11 15:37:30] (system)CassandraConnAgent conn_pool.size() : 0
[2017/09/11 15:37:30] (system)Cassandra Connection Manager :: getSession - com.datastax.driver.core.SessionManager@4bc96240
[2017/09/11 15:37:30] (system)Cassandra Connection Manager :: getSession - com.datastax.driver.core.SessionManager@4bc96240
[2017/09/11 15:37:30] (system)DeviceReportImpl::sendTextToReport - Exception e : com.datastax.driver.core.exceptions.InvalidQueryException: Unmatched column names/values
[2017/09/11 15:37:30] (system)Cassandra Connection Manager :: release - com.datastax.driver.core.SessionManager@4bc96240
[2017/09/11 15:37:30] (system)Cassandra Connection Manager :: Success to release!
[2017/09/11 15:37:30] (system)DeviceReportImpl::sendTextToReport - Exception e : com.datastax.driver.core.exceptions.InvalidQueryException: Unmatched column names/values
[2017/09/11 15:37:30] (system)Cassandra Connection Manager :: release - com.datastax.driver.core.SessionManager@4bc96240
[2017/09/11 15:37:30] (system)Cassandra Connection Manager :: Success to release!
[2017/09/11 15:37:30] (system)This is watch dog...
[2017/09/11 15:37:31] (system)This is watch dog...
[2017/09/11 15:42:08] (system)System(Ver 0.1) init...
[2017/09/11 15:42:08] (system)CassandraConn.loadConnConfig() : CONNECTION_CORE - 20
[2017/09/11 15:42:08] (system)CassandraConn.loadConnConfig() : CONNECTION_MAX - 20
[2017/09/11 15:42:08] (system)CassandraConn.loadConnConfig() : CONNECTION_TIME_OUT - 20
[2017/09/11 15:42:08] (system)CassandraConn.loadConnConfig() : CONNECTION_ACC - cassandra
[2017/09/11 15:42:08] (system)CassandraConn.loadConnConfig() : CONNECTION_PWD - cassandra
[2017/09/11 15:42:08] (system)CassandraConn.loadConnConfig() : CONNECTION_PORT - 9042
[2017/09/11 15:42:08] (system)CassandraConn.loadConnConfig() : CONTACT_POINTS - 10.144.150.210
[2017/09/11 15:42:10] (system)MAX_CONNECTION : 30
[2017/09/11 15:42:10] (system)Cassandra Connection Agent!
[2017/09/11 15:42:10] (system)CassandraConnAgent Kernel enable...
[2017/09/11 15:42:10] (system)Cassandra Connection Manager !
[2017/09/11 15:42:10] (system)MySQL.loadConnConfig() : SQL_SERVER_IP - 127.0.0.1
[2017/09/11 15:42:10] (system)MySQL.loadConnConfig() : SQL_SERVER_ACCOUNT - root
[2017/09/11 15:42:10] (system)MySQL.loadConnConfig() : SQL_SERVER_PWD - 1qaz@WSX
[2017/09/11 15:42:10] (system)MySQL.loadConnConfig() : SQL_SERVER_PORT - 3306
[2017/09/11 15:42:10] (system)MySQL.loadConnConfig() : DATA_BASE_NAME - iot
[2017/09/11 15:42:10] (system)MySQL.loadConnConfig() : MAX_CONNECTION - 20
[2017/09/11 15:42:10] (system)MAX_CONNECTION : 0
[2017/09/11 15:42:10] (system)MySQLConnAgent 啟動完成!
[2017/09/11 15:42:10] (system)MySQLConnAgent conn_pool.size() : 0
[2017/09/11 15:42:10] (system)MySQLConnAgent conn_pool.size() : 1
[2017/09/11 15:42:10] (system)MySQLConnAgent conn_pool.size() : 2
[2017/09/11 15:42:10] (system)MySQLConnAgent conn_pool.size() : 3
[2017/09/11 15:42:10] (system)MySQLConnAgent conn_pool.size() : 4
[2017/09/11 15:42:10] (system)MySQLConnAgent conn_pool.size() : 5
[2017/09/11 15:42:10] (system)MySQLConnAgent conn_pool.size() : 6
[2017/09/11 15:42:10] (system)MySQLConnAgent conn_pool.size() : 7
[2017/09/11 15:42:10] (system)MySQLConnAgent conn_pool.size() : 8
[2017/09/11 15:42:10] (system)MySQLConnAgent conn_pool.size() : 9
[2017/09/11 15:42:10] (system)MySQLConnAgent conn_pool.size() : 10
[2017/09/11 15:42:10] (system)MySQLConnAgent conn_pool.size() : 11
[2017/09/11 15:42:10] (system)MySQLConnAgent conn_pool.size() : 12
[2017/09/11 15:42:10] (system)MySQLConnAgent conn_pool.size() : 13
[2017/09/11 15:42:10] (system)MySQLConnAgent conn_pool.size() : 14
[2017/09/11 15:42:10] (system)MySQLConnAgent conn_pool.size() : 15
[2017/09/11 15:42:10] (system)MySQLConnAgent conn_pool.size() : 16
[2017/09/11 15:42:10] (system)MySQLConnAgent conn_pool.size() : 17
[2017/09/11 15:42:10] (system)MySQLConnAgent conn_pool.size() : 18
[2017/09/11 15:42:10] (system)MySQLConnAgent conn_pool.size() : 19
[2017/09/11 15:42:10] (system)MySQLConnAgent Kernel enable...
[2017/09/11 15:42:10] (system)Load all device info from database...
[2017/09/11 15:42:10] (system)Load device(192.168.1.1) to system....
[2017/09/11 15:42:10] (system)Load device(192.168.1.2) to system....
[2017/09/11 15:42:10] (system)Start watchdog agent...
[2017/09/11 15:42:10] (system)This is watch dog...
[2017/09/11 15:42:11] (system)This is watch dog...
[2017/09/11 15:42:12] (system)This is watch dog...
[2017/09/11 15:42:13] (system)This is watch dog...
[2017/09/11 15:42:14] (system)This is watch dog...
[2017/09/11 15:42:15] (system)CassandraConnAgent conn_pool.size() : 0
[2017/09/11 15:42:15] (system)Cassandra Connection Manager :: getSession - com.datastax.driver.core.SessionManager@16fa9e73
[2017/09/11 15:42:15] (system)CassandraConnAgent conn_pool.size() : 0
[2017/09/11 15:42:15] (system)Cassandra Connection Manager :: getSession - com.datastax.driver.core.SessionManager@16fa9e73
[2017/09/11 15:42:15] (system)Cassandra Connection Manager :: release - com.datastax.driver.core.SessionManager@16fa9e73
[2017/09/11 15:42:15] (system)Cassandra Connection Manager :: Success to release!
[2017/09/11 15:42:15] (system)Cassandra Connection Manager :: release - com.datastax.driver.core.SessionManager@16fa9e73
[2017/09/11 15:42:15] (system)Cassandra Connection Manager :: Success to release!
[2017/09/11 15:42:15] (system)This is watch dog...
[2017/09/11 15:42:16] (system)This is watch dog...
[2017/09/11 15:42:17] (system)This is watch dog...
[2017/09/11 15:42:18] (system)This is watch dog...
[2017/09/11 15:42:19] (system)This is watch dog...
[2017/09/11 15:42:20] (system)CassandraConnAgent conn_pool.size() : 2
[2017/09/11 15:42:20] (system)Cassandra Connection Manager :: getSession - com.datastax.driver.core.SessionManager@16fa9e73
[2017/09/11 15:42:20] (system)CassandraConnAgent conn_pool.size() : 3
[2017/09/11 15:42:20] (system)Cassandra Connection Manager :: getSession - com.datastax.driver.core.SessionManager@16fa9e73
[2017/09/11 15:42:20] (system)Cassandra Connection Manager :: release - com.datastax.driver.core.SessionManager@16fa9e73
[2017/09/11 15:42:20] (system)Cassandra Connection Manager :: Success to release!
[2017/09/11 15:42:20] (system)Cassandra Connection Manager :: release - com.datastax.driver.core.SessionManager@16fa9e73
[2017/09/11 15:42:20] (system)Cassandra Connection Manager :: Success to release!
[2017/09/11 15:42:20] (system)This is watch dog...
[2017/09/11 15:42:21] (system)This is watch dog...
[2017/09/11 15:42:22] (system)This is watch dog...
[2017/09/11 15:42:23] (system)This is watch dog...
[2017/09/11 15:42:24] (system)This is watch dog...
[2017/09/11 15:42:25] (system)CassandraConnAgent conn_pool.size() : 4
[2017/09/11 15:42:25] (system)Cassandra Connection Manager :: getSession - com.datastax.driver.core.SessionManager@16fa9e73
[2017/09/11 15:42:25] (system)CassandraConnAgent conn_pool.size() : 5
[2017/09/11 15:42:25] (system)Cassandra Connection Manager :: getSession - com.datastax.driver.core.SessionManager@16fa9e73
[2017/09/11 15:42:25] (system)Cassandra Connection Manager :: release - com.datastax.driver.core.SessionManager@16fa9e73
[2017/09/11 15:42:25] (system)Cassandra Connection Manager :: Success to release!
[2017/09/11 15:42:25] (system)Cassandra Connection Manager :: release - com.datastax.driver.core.SessionManager@16fa9e73
[2017/09/11 15:42:25] (system)Cassandra Connection Manager :: Success to release!
[2017/09/11 15:42:25] (system)This is watch dog...
[2017/09/11 15:42:26] (system)This is watch dog...
[2017/09/11 15:42:27] (system)This is watch dog...
[2017/09/11 15:42:28] (system)This is watch dog...
[2017/09/11 15:42:29] (system)This is watch dog...
[2017/09/11 15:42:30] (system)CassandraConnAgent conn_pool.size() : 6
[2017/09/11 15:42:30] (system)Cassandra Connection Manager :: getSession - com.datastax.driver.core.SessionManager@16fa9e73
[2017/09/11 15:42:30] (system)CassandraConnAgent conn_pool.size() : 7
[2017/09/11 15:42:30] (system)Cassandra Connection Manager :: getSession - com.datastax.driver.core.SessionManager@16fa9e73
[2017/09/11 15:42:30] (system)Cassandra Connection Manager :: release - com.datastax.driver.core.SessionManager@16fa9e73
[2017/09/11 15:42:30] (system)Cassandra Connection Manager :: Success to release!
[2017/09/11 15:42:30] (system)Cassandra Connection Manager :: release - com.datastax.driver.core.SessionManager@16fa9e73
[2017/09/11 15:42:30] (system)Cassandra Connection Manager :: Success to release!
[2017/09/11 15:42:30] (system)This is watch dog...
[2017/09/11 15:42:31] (system)This is watch dog...
[2017/09/11 15:42:32] (system)This is watch dog...
[2017/09/11 15:42:33] (system)This is watch dog...
[2017/09/11 15:42:34] (system)This is watch dog...
[2017/09/11 15:42:35] (system)CassandraConnAgent conn_pool.size() : 8
[2017/09/11 15:42:35] (system)Cassandra Connection Manager :: getSession - com.datastax.driver.core.SessionManager@16fa9e73
[2017/09/11 15:42:35] (system)CassandraConnAgent conn_pool.size() : 9
[2017/09/11 15:42:35] (system)Cassandra Connection Manager :: getSession - com.datastax.driver.core.SessionManager@16fa9e73
[2017/09/11 15:42:35] (system)Cassandra Connection Manager :: release - com.datastax.driver.core.SessionManager@16fa9e73
[2017/09/11 15:42:35] (system)Cassandra Connection Manager :: Success to release!
[2017/09/11 15:42:35] (system)Cassandra Connection Manager :: release - com.datastax.driver.core.SessionManager@16fa9e73
[2017/09/11 15:42:35] (system)Cassandra Connection Manager :: Success to release!
[2017/09/11 15:42:35] (system)This is watch dog...
[2017/09/11 15:42:36] (system)This is watch dog...
[2017/09/11 15:42:37] (system)This is watch dog...
[2017/09/11 15:42:38] (system)This is watch dog...
[2017/09/11 15:42:39] (system)This is watch dog...
[2017/09/11 15:42:40] (system)CassandraConnAgent conn_pool.size() : 10
[2017/09/11 15:42:40] (system)Cassandra Connection Manager :: getSession - com.datastax.driver.core.SessionManager@16fa9e73
[2017/09/11 15:42:40] (system)CassandraConnAgent conn_pool.size() : 11
[2017/09/11 15:42:40] (system)Cassandra Connection Manager :: getSession - com.datastax.driver.core.SessionManager@16fa9e73
[2017/09/11 15:42:40] (system)Cassandra Connection Manager :: release - com.datastax.driver.core.SessionManager@16fa9e73
[2017/09/11 15:42:40] (system)Cassandra Connection Manager :: Success to release!
[2017/09/11 15:42:40] (system)Cassandra Connection Manager :: release - com.datastax.driver.core.SessionManager@16fa9e73
[2017/09/11 15:42:40] (system)Cassandra Connection Manager :: Success to release!
[2017/09/11 15:42:40] (system)This is watch dog...
[2017/09/11 15:42:41] (system)This is watch dog...
[2017/09/11 15:42:42] (system)This is watch dog...
[2017/09/11 15:42:43] (system)This is watch dog...
[2017/09/11 15:42:44] (system)This is watch dog...
[2017/09/11 15:42:45] (system)CassandraConnAgent conn_pool.size() : 12
[2017/09/11 15:42:45] (system)Cassandra Connection Manager :: getSession - com.datastax.driver.core.SessionManager@16fa9e73
[2017/09/11 15:42:45] (system)CassandraConnAgent conn_pool.size() : 13
[2017/09/11 15:42:45] (system)Cassandra Connection Manager :: getSession - com.datastax.driver.core.SessionManager@16fa9e73
[2017/09/11 15:42:45] (system)Cassandra Connection Manager :: release - com.datastax.driver.core.SessionManager@16fa9e73
[2017/09/11 15:42:45] (system)Cassandra Connection Manager :: Success to release!
[2017/09/11 15:42:45] (system)Cassandra Connection Manager :: release - com.datastax.driver.core.SessionManager@16fa9e73
[2017/09/11 15:42:45] (system)Cassandra Connection Manager :: Success to release!
[2017/09/11 15:42:45] (system)This is watch dog...
[2017/09/11 15:42:46] (system)This is watch dog...
[2017/09/11 15:42:47] (system)This is watch dog...
[2017/09/11 15:43:42] (system)System(Ver 0.1) init...
[2017/09/11 15:43:42] (system)CassandraConn.loadConnConfig() : CONNECTION_CORE - 20
[2017/09/11 15:43:42] (system)CassandraConn.loadConnConfig() : CONNECTION_MAX - 20
[2017/09/11 15:43:42] (system)CassandraConn.loadConnConfig() : CONNECTION_TIME_OUT - 20
[2017/09/11 15:43:42] (system)CassandraConn.loadConnConfig() : CONNECTION_ACC - cassandra
[2017/09/11 15:43:42] (system)CassandraConn.loadConnConfig() : CONNECTION_PWD - cassandra
[2017/09/11 15:43:42] (system)CassandraConn.loadConnConfig() : CONNECTION_PORT - 9042
[2017/09/11 15:43:42] (system)CassandraConn.loadConnConfig() : CONTACT_POINTS - 10.144.150.210
[2017/09/11 15:43:44] (system)MAX_CONNECTION : 30
[2017/09/11 15:43:44] (system)Cassandra Connection Agent!
[2017/09/11 15:43:44] (system)CassandraConnAgent Kernel enable...
[2017/09/11 15:43:44] (system)Cassandra Connection Manager !
[2017/09/11 15:43:44] (system)MySQL.loadConnConfig() : SQL_SERVER_IP - 127.0.0.1
[2017/09/11 15:43:44] (system)MySQL.loadConnConfig() : SQL_SERVER_ACCOUNT - root
[2017/09/11 15:43:44] (system)MySQL.loadConnConfig() : SQL_SERVER_PWD - 1qaz@WSX
[2017/09/11 15:43:44] (system)MySQL.loadConnConfig() : SQL_SERVER_PORT - 3306
[2017/09/11 15:43:44] (system)MySQL.loadConnConfig() : DATA_BASE_NAME - iot
[2017/09/11 15:43:44] (system)MySQL.loadConnConfig() : MAX_CONNECTION - 20
[2017/09/11 15:43:44] (system)MAX_CONNECTION : 0
[2017/09/11 15:43:44] (system)MySQLConnAgent 啟動完成!
[2017/09/11 15:43:44] (system)MySQLConnAgent conn_pool.size() : 0
[2017/09/11 15:43:44] (system)MySQLConnAgent conn_pool.size() : 1
[2017/09/11 15:43:44] (system)MySQLConnAgent conn_pool.size() : 2
[2017/09/11 15:43:44] (system)MySQLConnAgent conn_pool.size() : 3
[2017/09/11 15:43:44] (system)MySQLConnAgent conn_pool.size() : 4
[2017/09/11 15:43:44] (system)MySQLConnAgent conn_pool.size() : 5
[2017/09/11 15:43:44] (system)MySQLConnAgent conn_pool.size() : 6
[2017/09/11 15:43:44] (system)MySQLConnAgent conn_pool.size() : 7
[2017/09/11 15:43:44] (system)MySQLConnAgent conn_pool.size() : 8
[2017/09/11 15:43:44] (system)MySQLConnAgent conn_pool.size() : 9
[2017/09/11 15:43:44] (system)MySQLConnAgent conn_pool.size() : 10
[2017/09/11 15:43:44] (system)MySQLConnAgent conn_pool.size() : 11
[2017/09/11 15:43:44] (system)MySQLConnAgent conn_pool.size() : 12
[2017/09/11 15:43:44] (system)MySQLConnAgent conn_pool.size() : 13
[2017/09/11 15:43:44] (system)MySQLConnAgent conn_pool.size() : 14
[2017/09/11 15:43:44] (system)MySQLConnAgent conn_pool.size() : 15
[2017/09/11 15:43:44] (system)MySQLConnAgent conn_pool.size() : 16
[2017/09/11 15:43:44] (system)MySQLConnAgent conn_pool.size() : 17
[2017/09/11 15:43:44] (system)MySQLConnAgent conn_pool.size() : 18
[2017/09/11 15:43:44] (system)MySQLConnAgent conn_pool.size() : 19
[2017/09/11 15:43:44] (system)MySQLConnAgent Kernel enable...
[2017/09/11 15:43:44] (system)Load all device info from database...
[2017/09/11 15:43:45] (system)Load device(192.168.1.1) to system....
[2017/09/11 15:43:45] (system)Load device(192.168.1.2) to system....
[2017/09/11 15:43:45] (system)Start watchdog agent...
[2017/09/11 15:43:45] (system)This is watch dog...
[2017/09/11 15:43:46] (system)This is watch dog...
[2017/09/11 15:43:47] (system)This is watch dog...
[2017/09/11 15:43:48] (system)This is watch dog...
[2017/09/11 15:43:49] (system)This is watch dog...
[2017/09/11 15:43:50] (system)CassandraConnAgent conn_pool.size() : 0
[2017/09/11 15:43:50] (system)CassandraConnAgent conn_pool.size() : 0
[2017/09/11 15:43:50] (system)Cassandra Connection Manager :: getSession - com.datastax.driver.core.SessionManager@558da1c3
[2017/09/11 15:43:50] (system)Cassandra Connection Manager :: getSession - com.datastax.driver.core.SessionManager@558da1c3
[2017/09/11 15:43:50] (system)This is watch dog...
[2017/09/11 15:43:50] (system)Cassandra Connection Manager :: release - com.datastax.driver.core.SessionManager@558da1c3
[2017/09/11 15:43:50] (system)Cassandra Connection Manager :: Success to release!
[2017/09/11 15:43:50] (system)Cassandra Connection Manager :: release - com.datastax.driver.core.SessionManager@558da1c3
[2017/09/11 15:43:50] (system)Cassandra Connection Manager :: Success to release!
[2017/09/11 15:43:51] (system)This is watch dog...
[2017/09/11 15:43:52] (system)This is watch dog...
[2017/09/11 15:43:53] (system)This is watch dog...
[2017/09/11 15:43:54] (system)This is watch dog...
[2017/09/11 15:43:55] (system)CassandraConnAgent conn_pool.size() : 2
[2017/09/11 15:43:55] (system)Cassandra Connection Manager :: getSession - com.datastax.driver.core.SessionManager@558da1c3
[2017/09/11 15:43:55] (system)CassandraConnAgent conn_pool.size() : 3
[2017/09/11 15:43:55] (system)Cassandra Connection Manager :: getSession - com.datastax.driver.core.SessionManager@558da1c3
[2017/09/11 15:43:55] (system)This is watch dog...
[2017/09/11 15:43:55] (system)Cassandra Connection Manager :: release - com.datastax.driver.core.SessionManager@558da1c3
[2017/09/11 15:43:55] (system)Cassandra Connection Manager :: Success to release!
[2017/09/11 15:43:55] (system)Cassandra Connection Manager :: release - com.datastax.driver.core.SessionManager@558da1c3
[2017/09/11 15:43:55] (system)Cassandra Connection Manager :: Success to release!
[2017/09/11 15:43:56] (system)This is watch dog...
[2017/09/11 15:43:57] (system)This is watch dog...
[2017/09/11 15:43:58] (system)This is watch dog...
[2017/09/11 15:43:59] (system)This is watch dog...
[2017/09/11 15:44:00] (system)CassandraConnAgent conn_pool.size() : 4
[2017/09/11 15:44:00] (system)Cassandra Connection Manager :: getSession - com.datastax.driver.core.SessionManager@558da1c3
[2017/09/11 15:44:00] (system)CassandraConnAgent conn_pool.size() : 5
[2017/09/11 15:44:00] (system)Cassandra Connection Manager :: getSession - com.datastax.driver.core.SessionManager@558da1c3
[2017/09/11 15:44:00] (system)This is watch dog...
[2017/09/11 15:44:00] (system)Cassandra Connection Manager :: release - com.datastax.driver.core.SessionManager@558da1c3
[2017/09/11 15:44:00] (system)Cassandra Connection Manager :: release - com.datastax.driver.core.SessionManager@558da1c3
[2017/09/11 15:44:00] (system)Cassandra Connection Manager :: Success to release!
[2017/09/11 15:44:00] (system)Cassandra Connection Manager :: Success to release!
[2017/09/11 15:44:01] (system)This is watch dog...
[2017/09/11 15:44:02] (system)This is watch dog...
[2017/09/11 15:44:03] (system)This is watch dog...
[2017/09/11 15:44:04] (system)This is watch dog...
[2017/09/11 15:44:05] (system)CassandraConnAgent conn_pool.size() : 6
[2017/09/11 15:44:05] (system)Cassandra Connection Manager :: getSession - com.datastax.driver.core.SessionManager@558da1c3
[2017/09/11 15:44:05] (system)CassandraConnAgent conn_pool.size() : 7
[2017/09/11 15:44:05] (system)Cassandra Connection Manager :: getSession - com.datastax.driver.core.SessionManager@558da1c3
[2017/09/11 15:44:05] (system)This is watch dog...
[2017/09/11 15:44:05] (system)Cassandra Connection Manager :: release - com.datastax.driver.core.SessionManager@558da1c3
[2017/09/11 15:44:05] (system)Cassandra Connection Manager :: Success to release!
[2017/09/11 15:44:05] (system)Cassandra Connection Manager :: release - com.datastax.driver.core.SessionManager@558da1c3
[2017/09/11 15:44:05] (system)Cassandra Connection Manager :: Success to release!
[2017/09/11 15:44:06] (system)This is watch dog...
[2017/09/11 15:44:07] (system)This is watch dog...
[2017/09/11 15:44:08] (system)This is watch dog...
[2017/09/11 15:44:09] (system)This is watch dog...
[2017/09/11 15:44:10] (system)CassandraConnAgent conn_pool.size() : 8
[2017/09/11 15:44:10] (system)Cassandra Connection Manager :: getSession - com.datastax.driver.core.SessionManager@558da1c3
[2017/09/11 15:44:10] (system)CassandraConnAgent conn_pool.size() : 9
[2017/09/11 15:44:10] (system)Cassandra Connection Manager :: getSession - com.datastax.driver.core.SessionManager@558da1c3
[2017/09/11 15:44:10] (system)This is watch dog...
[2017/09/11 15:44:10] (system)Cassandra Connection Manager :: release - com.datastax.driver.core.SessionManager@558da1c3
[2017/09/11 15:44:10] (system)Cassandra Connection Manager :: Success to release!
[2017/09/11 15:44:10] (system)Cassandra Connection Manager :: release - com.datastax.driver.core.SessionManager@558da1c3
[2017/09/11 15:44:10] (system)Cassandra Connection Manager :: Success to release!
[2017/09/11 15:44:11] (system)This is watch dog...
[2017/09/11 15:44:12] (system)This is watch dog...
[2017/09/11 15:44:13] (system)This is watch dog...
[2017/09/11 15:44:14] (system)This is watch dog...
[2017/09/11 15:44:15] (system)CassandraConnAgent conn_pool.size() : 10
[2017/09/11 15:44:15] (system)Cassandra Connection Manager :: getSession - com.datastax.driver.core.SessionManager@558da1c3
[2017/09/11 15:44:15] (system)CassandraConnAgent conn_pool.size() : 11
[2017/09/11 15:44:15] (system)Cassandra Connection Manager :: getSession - com.datastax.driver.core.SessionManager@558da1c3
[2017/09/11 15:44:15] (system)This is watch dog...
[2017/09/11 15:44:15] (system)Cassandra Connection Manager :: release - com.datastax.driver.core.SessionManager@558da1c3
[2017/09/11 15:44:15] (system)Cassandra Connection Manager :: Success to release!
[2017/09/11 15:44:15] (system)Cassandra Connection Manager :: release - com.datastax.driver.core.SessionManager@558da1c3
[2017/09/11 15:44:15] (system)Cassandra Connection Manager :: Success to release!
[2017/09/11 15:44:16] (system)This is watch dog...
[2017/09/11 15:44:17] (system)This is watch dog...
[2017/09/11 15:44:18] (system)This is watch dog...
[2017/09/11 15:44:19] (system)This is watch dog...
[2017/09/11 15:44:20] (system)CassandraConnAgent conn_pool.size() : 12
[2017/09/11 15:44:20] (system)Cassandra Connection Manager :: getSession - com.datastax.driver.core.SessionManager@558da1c3
[2017/09/11 15:44:20] (system)CassandraConnAgent conn_pool.size() : 13
[2017/09/11 15:44:20] (system)Cassandra Connection Manager :: getSession - com.datastax.driver.core.SessionManager@558da1c3
[2017/09/11 15:44:20] (system)This is watch dog...
[2017/09/11 15:44:20] (system)Cassandra Connection Manager :: release - com.datastax.driver.core.SessionManager@558da1c3
[2017/09/11 15:44:20] (system)Cassandra Connection Manager :: Success to release!
[2017/09/11 15:44:20] (system)Cassandra Connection Manager :: release - com.datastax.driver.core.SessionManager@558da1c3
[2017/09/11 15:44:20] (system)Cassandra Connection Manager :: Success to release!
[2017/09/11 15:44:21] (system)This is watch dog...
[2017/09/11 15:44:22] (system)This is watch dog...
[2017/09/11 15:44:23] (system)This is watch dog...
[2017/09/11 15:44:24] (system)This is watch dog...
[2017/09/11 15:44:25] (system)CassandraConnAgent conn_pool.size() : 14
[2017/09/11 15:44:25] (system)Cassandra Connection Manager :: getSession - com.datastax.driver.core.SessionManager@558da1c3
[2017/09/11 15:44:25] (system)CassandraConnAgent conn_pool.size() : 15
[2017/09/11 15:44:25] (system)Cassandra Connection Manager :: getSession - com.datastax.driver.core.SessionManager@558da1c3
[2017/09/11 15:44:25] (system)This is watch dog...
[2017/09/11 15:44:25] (system)Cassandra Connection Manager :: release - com.datastax.driver.core.SessionManager@558da1c3
[2017/09/11 15:44:25] (system)Cassandra Connection Manager :: Success to release!
[2017/09/11 15:44:25] (system)Cassandra Connection Manager :: release - com.datastax.driver.core.SessionManager@558da1c3
[2017/09/11 15:44:25] (system)Cassandra Connection Manager :: Success to release!
[2017/09/11 15:44:26] (system)This is watch dog...
[2017/09/11 15:44:27] (system)This is watch dog...
[2017/09/11 15:44:28] (system)This is watch dog...
[2017/09/11 15:44:29] (system)This is watch dog...
[2017/09/11 15:44:30] (system)CassandraConnAgent conn_pool.size() : 16
[2017/09/11 15:44:30] (system)Cassandra Connection Manager :: getSession - com.datastax.driver.core.SessionManager@558da1c3
[2017/09/11 15:44:30] (system)CassandraConnAgent conn_pool.size() : 17
[2017/09/11 15:44:30] (system)Cassandra Connection Manager :: getSession - com.datastax.driver.core.SessionManager@558da1c3
[2017/09/11 15:44:30] (system)This is watch dog...
[2017/09/11 15:44:30] (system)Cassandra Connection Manager :: release - com.datastax.driver.core.SessionManager@558da1c3
[2017/09/11 15:44:30] (system)Cassandra Connection Manager :: Success to release!
[2017/09/11 15:44:30] (system)Cassandra Connection Manager :: release - com.datastax.driver.core.SessionManager@558da1c3
[2017/09/11 15:44:30] (system)Cassandra Connection Manager :: Success to release!
[2017/09/11 15:44:31] (system)This is watch dog...
[2017/09/11 15:44:32] (system)This is watch dog...
[2017/09/11 15:44:33] (system)This is watch dog...
[2017/09/11 15:44:34] (system)This is watch dog...
[2017/09/11 15:44:35] (system)CassandraConnAgent conn_pool.size() : 18
[2017/09/11 15:44:35] (system)Cassandra Connection Manager :: getSession - com.datastax.driver.core.SessionManager@558da1c3
[2017/09/11 15:44:35] (system)CassandraConnAgent conn_pool.size() : 19
[2017/09/11 15:44:35] (system)Cassandra Connection Manager :: getSession - com.datastax.driver.core.SessionManager@558da1c3
[2017/09/11 15:44:35] (system)This is watch dog...
[2017/09/11 15:44:35] (system)Cassandra Connection Manager :: release - com.datastax.driver.core.SessionManager@558da1c3
[2017/09/11 15:44:35] (system)Cassandra Connection Manager :: release - com.datastax.driver.core.SessionManager@558da1c3
[2017/09/11 15:44:35] (system)Cassandra Connection Manager :: Success to release!
[2017/09/11 15:44:35] (system)Cassandra Connection Manager :: Success to release!
[2017/09/11 15:44:36] (system)This is watch dog...
[2017/09/11 15:44:37] (system)This is watch dog...
[2017/09/11 15:44:38] (system)This is watch dog...
[2017/09/11 15:44:39] (system)This is watch dog...
[2017/09/11 15:44:40] (system)CassandraConnAgent conn_pool.size() : 20
[2017/09/11 15:44:40] (system)Cassandra Connection Manager :: getSession - com.datastax.driver.core.SessionManager@558da1c3
[2017/09/11 15:44:40] (system)CassandraConnAgent conn_pool.size() : 21
[2017/09/11 15:44:40] (system)Cassandra Connection Manager :: getSession - com.datastax.driver.core.SessionManager@558da1c3
[2017/09/11 15:44:40] (system)This is watch dog...
[2017/09/11 15:44:40] (system)Cassandra Connection Manager :: release - com.datastax.driver.core.SessionManager@558da1c3
[2017/09/11 15:44:40] (system)Cassandra Connection Manager :: Success to release!
[2017/09/11 15:44:40] (system)Cassandra Connection Manager :: release - com.datastax.driver.core.SessionManager@558da1c3
[2017/09/11 15:44:40] (system)Cassandra Connection Manager :: Success to release!
[2017/09/11 15:44:41] (system)This is watch dog...
[2017/09/11 15:44:42] (system)This is watch dog...
[2017/09/11 15:44:43] (system)This is watch dog...
[2017/09/11 15:44:44] (system)This is watch dog...
[2017/09/11 15:44:44] (system)/10.144.150.210:9042 connections=20, current load=0, max load=20480

[2017/09/11 15:44:45] (system)CassandraConnAgent conn_pool.size() : 22
[2017/09/11 15:44:45] (system)Cassandra Connection Manager :: getSession - com.datastax.driver.core.SessionManager@558da1c3
[2017/09/11 15:44:45] (system)CassandraConnAgent conn_pool.size() : 23
[2017/09/11 15:44:45] (system)Cassandra Connection Manager :: getSession - com.datastax.driver.core.SessionManager@558da1c3
[2017/09/11 15:44:45] (system)This is watch dog...
[2017/09/11 15:44:45] (system)Cassandra Connection Manager :: release - com.datastax.driver.core.SessionManager@558da1c3
[2017/09/11 15:44:45] (system)Cassandra Connection Manager :: Success to release!
[2017/09/11 15:44:45] (system)Cassandra Connection Manager :: release - com.datastax.driver.core.SessionManager@558da1c3
[2017/09/11 15:44:45] (system)Cassandra Connection Manager :: Success to release!
[2017/09/11 15:44:46] (system)This is watch dog...
[2017/09/11 15:44:47] (system)This is watch dog...
[2017/09/11 15:44:48] (system)This is watch dog...
[2017/09/11 15:44:49] (system)This is watch dog...
[2017/09/11 15:44:50] (system)CassandraConnAgent conn_pool.size() : 24
[2017/09/11 15:44:50] (system)Cassandra Connection Manager :: getSession - com.datastax.driver.core.SessionManager@558da1c3
[2017/09/11 15:44:50] (system)CassandraConnAgent conn_pool.size() : 25
[2017/09/11 15:44:50] (system)Cassandra Connection Manager :: getSession - com.datastax.driver.core.SessionManager@558da1c3
[2017/09/11 15:44:50] (system)This is watch dog...
[2017/09/11 15:44:50] (system)Cassandra Connection Manager :: release - com.datastax.driver.core.SessionManager@558da1c3
[2017/09/11 15:44:50] (system)Cassandra Connection Manager :: Success to release!
[2017/09/11 15:44:50] (system)Cassandra Connection Manager :: release - com.datastax.driver.core.SessionManager@558da1c3
[2017/09/11 15:44:50] (system)Cassandra Connection Manager :: Success to release!
[2017/09/11 15:44:51] (system)This is watch dog...
[2017/09/11 15:44:52] (system)This is watch dog...
[2017/09/11 15:44:53] (system)This is watch dog...
[2017/09/11 15:44:54] (system)This is watch dog...
[2017/09/11 15:44:55] (system)CassandraConnAgent conn_pool.size() : 26
[2017/09/11 15:44:55] (system)Cassandra Connection Manager :: getSession - com.datastax.driver.core.SessionManager@558da1c3
[2017/09/11 15:44:55] (system)CassandraConnAgent conn_pool.size() : 27
[2017/09/11 15:44:55] (system)Cassandra Connection Manager :: getSession - com.datastax.driver.core.SessionManager@558da1c3
[2017/09/11 15:44:55] (system)This is watch dog...
[2017/09/11 15:44:55] (system)Cassandra Connection Manager :: release - com.datastax.driver.core.SessionManager@558da1c3
[2017/09/11 15:44:55] (system)Cassandra Connection Manager :: Success to release!
[2017/09/11 15:44:55] (system)Cassandra Connection Manager :: release - com.datastax.driver.core.SessionManager@558da1c3
[2017/09/11 15:44:55] (system)Cassandra Connection Manager :: Success to release!
[2017/09/11 15:44:56] (system)This is watch dog...
[2017/09/11 15:44:57] (system)This is watch dog...
[2017/09/11 15:44:58] (system)This is watch dog...
[2017/09/11 15:44:59] (system)This is watch dog...
[2017/09/11 15:45:00] (system)CassandraConnAgent conn_pool.size() : 28
[2017/09/11 15:45:00] (system)Cassandra Connection Manager :: getSession - com.datastax.driver.core.SessionManager@558da1c3
[2017/09/11 15:45:00] (system)CassandraConnAgent conn_pool.size() : 29
[2017/09/11 15:45:00] (system)Cassandra Connection Manager :: getSession - com.datastax.driver.core.SessionManager@558da1c3
[2017/09/11 15:45:00] (system)This is watch dog...
[2017/09/11 15:45:00] (system)Cassandra Connection Manager :: release - com.datastax.driver.core.SessionManager@558da1c3
[2017/09/11 15:45:00] (system)Cassandra Connection Manager :: Success to release!
[2017/09/11 15:45:00] (system)Cassandra Connection Manager :: release - com.datastax.driver.core.SessionManager@558da1c3
[2017/09/11 15:45:00] (system)Cassandra Connection Manager :: Success to release!
[2017/09/11 15:45:01] (system)This is watch dog...
[2017/09/11 15:45:02] (system)This is watch dog...
